[Sat 04/11/2026  9:00:02.83] Starting daily marketing run... 
Running autopost... 
(node:1524) [MODULE_TYPELESS_PACKAGE_JSON] Warning: Module type of file:///C:/Users/bizsu/Projects/mnemopay-sdk/marketing/daily-marketing.js is not specified and it doesn't parse as CommonJS.
Reparsing as ES module because module syntax was detected. This incurs a performance overhead.
To eliminate this warning, add "type": "module" to C:\Users\bizsu\Projects\mnemopay-sdk\package.json.
(Use `node --trace-warnings ...` to show where the warning was created)

--- Tweet 1 (index 0) ---
Every AI agent starts every session completely blank. No memory of who it served. No wallet. No iden...

--- Tweet 2 (index 1) ---
Your agent can close a deal but can't remember the customer's name 5 minutes later.

MnemoPay gives ...
Tweet 1 failed: Twitter credentials not set
Waiting 30 minutes before tweet 2...
Tweet 2 failed: Twitter credentials not set

Done. Next tweets will start from index 2.
Running email followup... 
(node:6712) [MODULE_TYPELESS_PACKAGE_JSON] Warning: Module type of file:///C:/Users/bizsu/Projects/mnemopay-sdk/marketing/email-followup.js is not specified and it doesn't parse as CommonJS.
Reparsing as ES module because module syntax was detected. This incurs a performance overhead.
To eliminate this warning, add "type": "module" to C:\Users\bizsu\Projects\mnemopay-sdk\package.json.
(Use `node --trace-warnings ...` to show where the warning was created)

--- Summary ---
Follow-up 1: 0
Follow-up 2 (breakup): 0
Not yet due / already sent: 59
Running CRM report... 

══════════════════════════════════════════════════════════════════════
  Next Actions — Follow-ups due today
══════════════════════════════════════════════════════════════════════

  Nothing due today. Check back tomorrow.

[Sat 04/11/2026  9:30:03.61] Daily run complete. 
[Sun 04/12/2026  9:00:03.93] Starting daily marketing run... 
Running autopost... 
(node:16848) [MODULE_TYPELESS_PACKAGE_JSON] Warning: Module type of file:///C:/Users/bizsu/Projects/mnemopay-sdk/marketing/daily-marketing.js is not specified and it doesn't parse as CommonJS.
Reparsing as ES module because module syntax was detected. This incurs a performance overhead.
To eliminate this warning, add "type": "module" to C:\Users\bizsu\Projects\mnemopay-sdk\package.json.
(Use `node --trace-warnings ...` to show where the warning was created)
Already posted today (2026-04-12). Skipping.
Running email followup... 
(node:10356) [MODULE_TYPELESS_PACKAGE_JSON] Warning: Module type of file:///C:/Users/bizsu/Projects/mnemopay-sdk/marketing/email-followup.js is not specified and it doesn't parse as CommonJS.
Reparsing as ES module because module syntax was detected. This incurs a performance overhead.
To eliminate this warning, add "type": "module" to C:\Users\bizsu\Projects\mnemopay-sdk\package.json.
(Use `node --trace-warnings ...` to show where the warning was created)

--- Summary ---
Follow-up 1: 0
Follow-up 2 (breakup): 0
Not yet due / already sent: 59
Running CRM report... 

══════════════════════════════════════════════════════════════════════
  Next Actions — Follow-ups due today
══════════════════════════════════════════════════════════════════════

  Nothing due today. Check back tomorrow.

[Sun 04/12/2026  9:00:06.09] Daily run complete. 
